<?xml version="1.0" encoding="UTF-8"?>
<!-- Generated by org.testng.reporters.JUnitXMLReporter -->
<testsuite hostname="Owner-PC" name="Cart Module" tests="2" failures="1" timestamp="14 Jul 2019 12:36:34 GMT" time="18.414" errors="0">
  <testcase name="testPageTitle" time="3.496" classname="TestNG.TestNG_CartPage"/>
  <testcase name="testPageTitle" time="0.012" classname="TestNG.TestNG_PricePageTest">
    <failure type="java.lang.AssertionError" message="Error: Title expected [Products | ABSoft Trainings – E-Commerce test web site] but found [My Account | ABSoft Trainings – E-Commerce test web site]">
      <![CDATA[java.lang.AssertionError: Error: Title expected [Products | ABSoft Trainings – E-Commerce test web site] but found [My Account | ABSoft Trainings – E-Commerce test web site]
	at TestNG.TestNG_PricePageTest.testPageTitle(TestNG_PricePageTest.java:18)
... Removed 29 stack frames]]>
    </failure>
  </testcase> <!-- testPageTitle -->
</testsuite> <!-- Cart Module -->
