<?xml version="1.0" encoding="UTF-8"?>
<!-- Generated by org.testng.reporters.JUnitXMLReporter -->
<testsuite hostname="Owner-PC" name="Login Module" tests="1" failures="1" timestamp="14 Jul 2019 12:36:16 GMT" time="0.029" errors="0">
  <testcase name="testPageTitle" time="0.011" classname="TestNG.TestNG_DataProvider">
    <failure type="java.lang.NullPointerException">
      <![CDATA[java.lang.NullPointerException
	at TestNG.TestNG_DataProvider.testPageTitle(TestNG_DataProvider.java:33)
... Removed 24 stack frames]]>
    </failure>
  </testcase> <!-- testPageTitle -->
</testsuite> <!-- Login Module -->
